<?xml version="1.0" encoding="UTF-8"?>
<testsuite xmlns:xsi="http://www.w3.org/2001/XMLSchema-instance" xsi:noNamespaceSchemaLocation="https://maven.apache.org/surefire/maven-surefire-plugin/xsd/surefire-test-report.xsd" name="bank.service.AccountServiceTest" time="0.026" tests="3" errors="0" skipped="0" failures="0">
  <properties>
[...]
</properties>
  <testcase name="withdraw" classname="bank.service.AccountServiceTest" time="0.01"/>
  <testcase name="topUp" classname="bank.service.AccountServiceTest" time="0.001"/>
  <testcase name="transfer" classname="bank.service.AccountServiceTest" time="0.001"/>
</testsuite>